<?xml version="1.0" encoding="UTF-8"?>
<!-- Generated by org.testng.reporters.JUnitReportReporter -->
<testsuite skipped="0" hostname="DESKTOP-QH7MF66" name="org.xde.Xrefresh.BDD.LoginTest" tests="2" failures="0" timestamp="10 May 2020 02:52:41 GMT" time="107.176" errors="0">
  <testcase name="loginTest" time="52.834" classname="org.xde.Xrefresh.BDD.LoginTest"/>
  <testcase name="loginTest" time="54.342" classname="org.xde.Xrefresh.BDD.LoginTest"/>
</testsuite> <!-- org.xde.Xrefresh.BDD.LoginTest -->
