<?xml version="1.0" encoding="UTF-8"?>
<!-- Generated by org.testng.reporters.JUnitReportReporter -->
<testsuite skipped="0" hostname="DESKTOP-QH7MF66" name="org.xde.Xrefresh.BDD.LoginTest" tests="2" failures="0" timestamp="08 May 2020 15:40:34 GMT" time="78.432" errors="0">
  <testcase name="loginTest" time="37.434" classname="org.xde.Xrefresh.BDD.LoginTest"/>
  <testcase name="loginTest" time="40.998" classname="org.xde.Xrefresh.BDD.LoginTest"/>
</testsuite> <!-- org.xde.Xrefresh.BDD.LoginTest -->
