<?xml version="1.0" encoding="UTF-8"?>
<!-- Generated by org.testng.reporters.JUnitReportReporter -->
<testsuite skipped="0" hostname="DESKTOP-QH7MF66" name="org.xde.Xrefresh.BDD.LoginTest" tests="2" failures="0" timestamp="09 May 2020 12:49:50 GMT" time="118.808" errors="0">
  <testcase name="loginTest" time="59.375" classname="org.xde.Xrefresh.BDD.LoginTest"/>
  <testcase name="loginTest" time="59.433" classname="org.xde.Xrefresh.BDD.LoginTest"/>
</testsuite> <!-- org.xde.Xrefresh.BDD.LoginTest -->
